Arguments: 
  C:\Program Files\nodejs\node.exe C:\Users\knyaz\AppData\Roaming\npm\node_modules\yarn\bin\yarn.js add -D sass

PATH: 
  d:\cursor\_\resources\app\bin;d:\cursor\resources\app\bin;C:\Program Files\Mozilla Firefox;C:\Program Files\Common Files\Oracle\Java\javapath;C:\Program Files (x86)\Razer Chroma SDK\bin;C:\Program Files\Razer Chroma SDK\bin;C:\Program Files (x86)\Razer\ChromaBroadcast\bin;C:\Program Files\Razer\ChromaBroadcast\bin;C:\WINDOWS\system32;C:\WINDOWS;C:\WINDOWS\System32\Wbem;C:\WINDOWS\System32\WindowsPowerShell\v1.0\;C:\WINDOWS\System32\OpenSSH\;G:\Git\cmd;C:\Users\knyaz\AppData\Local\Microsoft\WindowsApps;C:\Users\knyaz\AppData\Roaming\npm;C:\WINDOWS\system32\config\systemprofile\AppData\Local\Microsoft\WindowsApps;C:\Users\knyaz\AppData\Roaming\nvm;C:\Program Files\nodejs;C:\Program Files\WireGuard\;C:\Program Files (x86)\NVIDIA Corporation\PhysX\Common;C:\Program Files\NVIDIA Corporation\NVIDIA App\NvDLISR;C:\Users\knyaz\AppData\Local\Microsoft\WindowsApps;C:\Program Files (x86)\MongoDB Atlas CLI\;C:\Users\knyaz\AppData\Roaming\npm;C:\Users\knyaz\AppData\Roaming\nvm;C:\Program Files\nodejs;F:\gradle-8.9\bin;C:\;C:\Program Files\Docker\Docker\resources\bin;C:\Program Files\cursor\resources\app\bin;C:\Program Files\WinRAR;d:\cursor\_\resources\app\bin;C:\Program Files\Mozilla Firefox;C:\Program Files\Common Files\Oracle\Java\javapath;C:\Program Files (x86)\Razer Chroma SDK\bin;C:\Program Files\Razer Chroma SDK\bin;C:\Program Files (x86)\Razer\ChromaBroadcast\bin;C:\Program Files\Razer\ChromaBroadcast\bin;C:\WINDOWS\system32;C:\WINDOWS;C:\WINDOWS\System32\Wbem;C:\WINDOWS\System32\WindowsPowerShell\v1.0\;C:\WINDOWS\System32\OpenSSH\;G:\Git\cmd;C:\Users\knyaz\AppData\Local\Microsoft\WindowsApps;C:\Users\knyaz\AppData\Roaming\npm;C:\WINDOWS\system32\config\systemprofile\AppData\Local\Microsoft\WindowsApps;C:\Users\knyaz\AppData\Roaming\nvm;C:\Program Files\nodejs;C:\Program Files\WireGuard\;C:\Program Files (x86)\NVIDIA Corporation\PhysX\Common;C:\Program Files\NVIDIA Corporation\NVIDIA App\NvDLISR;C:\Users\knyaz\AppData\Local\Microsoft\WindowsApps;C:\Program Files (x86)\MongoDB Atlas CLI\;C:\Users\knyaz\AppData\Roaming\npm;C:\Users\knyaz\AppData\Roaming\nvm;C:\Program Files\nodejs;F:\gradle-8.9\bin;C:\;C:\Program Files\Docker\Docker\resources\bin;C:\Users\knyaz\AppData\Local\Microsoft\WindowsApps;G:\Microsoft VS Code\bin;C:\Program Files (x86)\MongoDB Atlas CLI\;C:\Users\knyaz\AppData\Roaming\npm;C:\Users\knyaz\AppData\Roaming\nvm;C:\Program Files\nodejs;F:\gradle-8.9\bin;C:\Users\knyaz\AppData\Local\Microsoft\WinGet\Packages\FiloSottile.mkcert_Microsoft.Winget.Source_8wekyb3d8bbwe;C:\Program Files (x86)\GnuWin32\bin;C:\Program Files (x86)\GnuWin32\bin;C:\Users\knyaz\ngrok.exe;C:\Users\knyaz\AppData\Local\Programs\cursor\resources\app\bin;;D:\protoc\bin;

Yarn version: 
  1.22.19

Node version: 
  22.18.0

Platform: 
  win32 x64

Trace: 
  Error: EPERM: operation not permitted, unlink 'D:\front-cmdt_utils\node_modules\@esbuild\win32-x64\esbuild.exe'

npm manifest: 
  {
    "name": "@front-cmdt/utils",
    "version": "0.0.1",
    "keywords": [],
    "type": "module",
    "publishConfig": {
      "access": "public"
    },
    "license": "ISC",
    "peerDependencies": {},
    "dependencies": {},
    "main": "./dist/index.cjs",
    "types": "./dist/index.d.ts",
    "module": "./dist/index.js",
    "typesVersions": {
      "*": {
        "*": [
          "./dist/index.d.ts"
        ]
      }
    },
    "files": [
      "dist",
      "CHANGELOG.md",
      "README.md"
    ],
    "scripts": {
      "build": "tsup src/index.ts --format cjs,esm --dts --clean",
      "release:patch": "yarn build && npm version patch -m \"release: v%s\" && git push --follow-tags",
      "release:minor": "yarn build && npm version minor -m \"release: v%s\" && git push --follow-tags",
      "release:major": "yarn build && npm version major -m \"release: v%s\" && git push --follow-tags",
      "release:push": "git push --follow-tags",
      "pub:local": "npm run build && yalc push",
      "format": "prettier . --write",
      "test": "vitest",
      "test:run": "vitest run",
      "coverage": "vitest run --coverage",
      "test:browser": "vitest --config=vitest.browser.config.ts"
    },
    "exports": {
      ".": "./index.ts"
    },
    "devDependencies": {
      "@front-cmdt/format": "^1.3.0",
      "@types/node": "^25.1.0",
      "@types/validator": "^13.15.10",
      "@vitest/coverage-v8": "^4.0.18",
      "jsdom": "^27.4.0",
      "prettier": "^3.8.1",
      "tsup": "^8.5.1",
      "typescript": "^5.9.3",
      "vite": "^6.0.6",
      "vitest": "^4.0.18",
      "yalc": "^1.0.0-pre.53"
    }
  }

yarn manifest: 
  No manifest

Lockfile: 
  No lockfile
